Command line invocation:
    /Applications/Xcode.app/Contents/Developer/usr/bin/xcodebuild test -project iGopherBrowser.xcodeproj -scheme iGopherBrowserUITests -destination "platform=iOS Simulator,name=iPhone 16" -enableCodeCoverage YES

Resolve Package Graph


Resolved source packages:
  SwiftGopher: https://github.com/navanchauhan/swift-gopher.git @ master (bdecfea)
  TelemetryDeck: https://github.com/TelemetryDeck/SwiftSDK @ 2.9.4
  swift-collections: https://github.com/apple/swift-collections.git @ 1.1.2
  swift-system: https://github.com/apple/swift-system.git @ 1.3.2
  swift-atomics: https://github.com/apple/swift-atomics.git @ 1.2.0
  swift-nio-transport-services: https://github.com/apple/swift-nio-transport-services.git @ 1.21.0
  swift-nio: https://github.com/apple/swift-nio @ 2.69.0

ComputePackagePrebuildTargetDependencyGraph

Prepare packages

CreateBuildRequest

SendProjectDescription

CreateBuildOperation

ComputeTargetDependencyGraph
note: Building targets in dependency order
note: Target dependency graph (34 targets)
    Target 'iGopherBrowserUITests' in project 'iGopherBrowser'
        ➜ Explicit dependency on target 'iGopherBrowser' in project 'iGopherBrowser'
    Target 'iGopherBrowser' in project 'iGopherBrowser'
        ➜ Explicit dependency on target 'SwiftGopherClient' in project 'SwiftGopher'
        ➜ Explicit dependency on target 'TelemetryDeck' in project 'TelemetryDeck'
    Target 'TelemetryDeck' in project 'TelemetryDeck'
        ➜ Explicit dependency on target 'TelemetryDeck' in project 'TelemetryDeck'
        ➜ Explicit dependency on target 'TelemetryDeck_TelemetryDeck' in project 'TelemetryDeck'
    Target 'TelemetryDeck' in project 'TelemetryDeck'
        ➜ Explicit dependency on target 'TelemetryDeck_TelemetryDeck' in project 'TelemetryDeck'
    Target 'TelemetryDeck_TelemetryDeck' in project 'TelemetryDeck' (no dependencies)
    Target 'SwiftGopherClient' in project 'SwiftGopher'
        ➜ Explicit dependency on target 'SwiftGopherClient' in project 'SwiftGopher'
        ➜ Explicit dependency on target 'GopherHelpers' in project 'SwiftGopher'
        ➜ Explicit dependency on target 'NIOCore' in project 'swift-nio'
        ➜ Explicit dependency on target 'NIO' in project 'swift-nio'
        ➜ Explicit dependency on target 'NIOTransportServices' in project 'swift-nio-transport-services'
    Target 'SwiftGopherClient' in project 'SwiftGopher'
        ➜ Explicit dependency on target 'GopherHelpers' in project 'SwiftGopher'
        ➜ Explicit dependency on target 'NIOCore' in project 'swift-nio'
        ➜ Explicit dependency on target 'NIO' in project 'swift-nio'
        ➜ Explicit dependency on target 'NIOTransportServices' in project 'swift-nio-transport-services'
    Target 'NIOTransportServices' in project 'swift-nio-transport-services'
        ➜ Explicit dependency on target 'NIOTransportServices' in project 'swift-nio-transport-services'
        ➜ Explicit dependency on target 'NIO' in project 'swift-nio'
        ➜ Explicit dependency on target 'NIOCore' in project 'swift-nio'
        ➜ Explicit dependency on target 'NIOFoundationCompat' in project 'swift-nio'
        ➜ Explicit dependency on target 'NIOTLS' in project 'swift-nio'
        ➜ Explicit dependency on target 'Atomics' in project 'swift-atomics'
    Target 'NIOTransportServices' in project 'swift-nio-transport-services'
        ➜ Explicit dependency on target 'NIO' in project 'swift-nio'
        ➜ Explicit dependency on target 'NIOCore' in project 'swift-nio'
        ➜ Explicit dependency on target 'NIOFoundationCompat' in project 'swift-nio'
        ➜ Explicit dependency on target 'NIOTLS' in project 'swift-nio'
        ➜ Explicit dependency on target 'Atomics' in project 'swift-atomics'
    Target 'NIOTLS' in project 'swift-nio'
        ➜ Explicit dependency on target 'NIOTLS' in project 'swift-nio'
        ➜ Explicit dependency on target 'CNIOAtomics' in project 'swift-nio'
        ➜ Explicit dependency on target 'NIOConcurrencyHelpers' in project 'swift-nio'
        ➜ Explicit dependency on target '_NIOBase64' in project 'swift-nio'
        ➜ Explicit dependency on target 'CNIODarwin' in project 'swift-nio'
        ➜ Explicit dependency on target 'CNIOLinux' in project 'swift-nio'
        ➜ Explicit dependency on target 'CNIOWindows' in project 'swift-nio'
        ➜ Explicit dependency on target '_NIODataStructures' in project 'swift-nio'
        ➜ Explicit dependency on target 'NIOCore' in project 'swift-nio'
        ➜ Explicit dependency on target 'NIOEmbedded' in project 'swift-nio'
        ➜ Explicit dependency on target 'NIOPosix' in project 'swift-nio'
        ➜ Explicit dependency on target 'NIO' in project 'swift-nio'
        ➜ Explicit dependency on target 'DequeModule' in project 'swift-collections'
        ➜ Explicit dependency on target 'Atomics' in project 'swift-atomics'
    Target 'NIOTLS' in project 'swift-nio'
        ➜ Explicit dependency on target 'CNIOAtomics' in project 'swift-nio'
        ➜ Explicit dependency on target 'NIOConcurrencyHelpers' in project 'swift-nio'
        ➜ Explicit dependency on target '_NIOBase64' in project 'swift-nio'
        ➜ Explicit dependency on target 'CNIODarwin' in project 'swift-nio'
        ➜ Explicit dependency on target 'CNIOLinux' in project 'swift-nio'
        ➜ Explicit dependency on target 'CNIOWindows' in project 'swift-nio'
        ➜ Explicit dependency on target '_NIODataStructures' in project 'swift-nio'
        ➜ Explicit dependency on target 'NIOCore' in project 'swift-nio'
        ➜ Explicit dependency on target 'NIOEmbedded' in project 'swift-nio'
        ➜ Explicit dependency on target 'NIOPosix' in project 'swift-nio'
        ➜ Explicit dependency on target 'NIO' in project 'swift-nio'
        ➜ Explicit dependency on target 'DequeModule' in project 'swift-collections'
        ➜ Explicit dependency on target 'Atomics' in project 'swift-atomics'
    Target 'NIOFoundationCompat' in project 'swift-nio'
        ➜ Explicit dependency on target 'NIOFoundationCompat' in project 'swift-nio'
        ➜ Explicit dependency on target 'CNIOAtomics' in project 'swift-nio'
        ➜ Explicit dependency on target 'NIOConcurrencyHelpers' in project 'swift-nio'
        ➜ Explicit dependency on target '_NIOBase64' in project 'swift-nio'
        ➜ Explicit dependency on target 'CNIODarwin' in project 'swift-nio'
        ➜ Explicit dependency on target 'CNIOLinux' in project 'swift-nio'
        ➜ Explicit dependency on target 'CNIOWindows' in project 'swift-nio'
        ➜ Explicit dependency on target '_NIODataStructures' in project 'swift-nio'
        ➜ Explicit dependency on target 'NIOCore' in project 'swift-nio'
        ➜ Explicit dependency on target 'NIOEmbedded' in project 'swift-nio'
        ➜ Explicit dependency on target 'NIOPosix' in project 'swift-nio'
        ➜ Explicit dependency on target 'NIO' in project 'swift-nio'
        ➜ Explicit dependency on target 'DequeModule' in project 'swift-collections'
        ➜ Explicit dependency on target 'Atomics' in project 'swift-atomics'
    Target 'NIOFoundationCompat' in project 'swift-nio'
        ➜ Explicit dependency on target 'CNIOAtomics' in project 'swift-nio'
        ➜ Explicit dependency on target 'NIOConcurrencyHelpers' in project 'swift-nio'
        ➜ Explicit dependency on target '_NIOBase64' in project 'swift-nio'
        ➜ Explicit dependency on target 'CNIODarwin' in project 'swift-nio'
        ➜ Explicit dependency on target 'CNIOLinux' in project 'swift-nio'
        ➜ Explicit dependency on target 'CNIOWindows' in project 'swift-nio'
        ➜ Explicit dependency on target '_NIODataStructures' in project 'swift-nio'
        ➜ Explicit dependency on target 'NIOCore' in project 'swift-nio'
        ➜ Explicit dependency on target 'NIOEmbedded' in project 'swift-nio'
        ➜ Explicit dependency on target 'NIOPosix' in project 'swift-nio'
        ➜ Explicit dependency on target 'NIO' in project 'swift-nio'
        ➜ Explicit dependency on target 'DequeModule' in project 'swift-collections'
        ➜ Explicit dependency on target 'Atomics' in project 'swift-atomics'
    Target 'NIO' in project 'swift-nio'
        ➜ Explicit dependency on target 'NIO' in project 'swift-nio'
        ➜ Explicit dependency on target 'CNIOAtomics' in project 'swift-nio'
        ➜ Explicit dependency on target 'NIOConcurrencyHelpers' in project 'swift-nio'
        ➜ Explicit dependency on target '_NIOBase64' in project 'swift-nio'
        ➜ Explicit dependency on target 'CNIODarwin' in project 'swift-nio'
        ➜ Explicit dependency on target 'CNIOLinux' in project 'swift-nio'
        ➜ Explicit dependency on target 'CNIOWindows' in project 'swift-nio'
        ➜ Explicit dependency on target '_NIODataStructures' in project 'swift-nio'
        ➜ Explicit dependency on target 'NIOCore' in project 'swift-nio'
        ➜ Explicit dependency on target 'NIOEmbedded' in project 'swift-nio'
        ➜ Explicit dependency on target 'NIOPosix' in project 'swift-nio'
        ➜ Explicit dependency on target 'DequeModule' in project 'swift-collections'
        ➜ Explicit dependency on target 'Atomics' in project 'swift-atomics'
    Target 'NIO' in project 'swift-nio'
        ➜ Explicit dependency on target 'CNIOAtomics' in project 'swift-nio'
        ➜ Explicit dependency on target 'NIOConcurrencyHelpers' in project 'swift-nio'
        ➜ Explicit dependency on target '_NIOBase64' in project 'swift-nio'
        ➜ Explicit dependency on target 'CNIODarwin' in project 'swift-nio'
        ➜ Explicit dependency on target 'CNIOLinux' in project 'swift-nio'
        ➜ Explicit dependency on target 'CNIOWindows' in project 'swift-nio'
        ➜ Explicit dependency on target '_NIODataStructures' in project 'swift-nio'
        ➜ Explicit dependency on target 'NIOCore' in project 'swift-nio'
        ➜ Explicit dependency on target 'NIOEmbedded' in project 'swift-nio'
        ➜ Explicit dependency on target 'NIOPosix' in project 'swift-nio'
        ➜ Explicit dependency on target 'DequeModule' in project 'swift-collections'
        ➜ Explicit dependency on target 'Atomics' in project 'swift-atomics'
    Target 'NIOPosix' in project 'swift-nio'
        ➜ Explicit dependency on target 'swift-nio_NIOPosix' in project 'swift-nio'
        ➜ Explicit dependency on target 'CNIOLinux' in project 'swift-nio'
        ➜ Explicit dependency on target 'CNIODarwin' in project 'swift-nio'
        ➜ Explicit dependency on target 'CNIOWindows' in project 'swift-nio'
        ➜ Explicit dependency on target 'CNIOAtomics' in project 'swift-nio'
        ➜ Explicit dependency on target 'NIOConcurrencyHelpers' in project 'swift-nio'
        ➜ Explicit dependency on target '_NIOBase64' in project 'swift-nio'
        ➜ Explicit dependency on target '_NIODataStructures' in project 'swift-nio'
        ➜ Explicit dependency on target 'NIOCore' in project 'swift-nio'
        ➜ Explicit dependency on target 'DequeModule' in project 'swift-collections'
        ➜ Explicit dependency on target 'Atomics' in project 'swift-atomics'
    Target 'swift-nio_NIOPosix' in project 'swift-nio' (no dependencies)
    Target 'NIOEmbedded' in project 'swift-nio'
        ➜ Explicit dependency on target 'CNIOAtomics' in project 'swift-nio'
        ➜ Explicit dependency on target 'NIOConcurrencyHelpers' in project 'swift-nio'
        ➜ Explicit dependency on target '_NIOBase64' in project 'swift-nio'
        ➜ Explicit dependency on target 'CNIODarwin' in project 'swift-nio'
        ➜ Explicit dependency on target 'CNIOLinux' in project 'swift-nio'
        ➜ Explicit dependency on target 'CNIOWindows' in project 'swift-nio'
        ➜ Explicit dependency on target '_NIODataStructures' in project 'swift-nio'
        ➜ Explicit dependency on target 'NIOCore' in project 'swift-nio'
        ➜ Explicit dependency on target 'DequeModule' in project 'swift-collections'
        ➜ Explicit dependency on target 'Atomics' in project 'swift-atomics'
    Target 'GopherHelpers' in project 'SwiftGopher'
        ➜ Explicit dependency on target 'NIOCore' in project 'swift-nio'
    Target 'NIOCore' in project 'swift-nio'
        ➜ Explicit dependency on target 'NIOCore' in project 'swift-nio'
        ➜ Explicit dependency on target 'CNIOAtomics' in project 'swift-nio'
        ➜ Explicit dependency on target 'NIOConcurrencyHelpers' in project 'swift-nio'
        ➜ Explicit dependency on target '_NIOBase64' in project 'swift-nio'
        ➜ Explicit dependency on target 'CNIODarwin' in project 'swift-nio'
        ➜ Explicit dependency on target 'CNIOLinux' in project 'swift-nio'
        ➜ Explicit dependency on target 'CNIOWindows' in project 'swift-nio'
        ➜ Explicit dependency on target '_NIODataStructures' in project 'swift-nio'
        ➜ Explicit dependency on target 'DequeModule' in project 'swift-collections'
        ➜ Explicit dependency on target 'Atomics' in project 'swift-atomics'
    Target 'NIOCore' in project 'swift-nio'
        ➜ Explicit dependency on target 'CNIOAtomics' in project 'swift-nio'
        ➜ Explicit dependency on target 'NIOConcurrencyHelpers' in project 'swift-nio'
        ➜ Explicit dependency on target '_NIOBase64' in project 'swift-nio'
        ➜ Explicit dependency on target 'CNIODarwin' in project 'swift-nio'
        ➜ Explicit dependency on target 'CNIOLinux' in project 'swift-nio'
        ➜ Explicit dependency on target 'CNIOWindows' in project 'swift-nio'
        ➜ Explicit dependency on target '_NIODataStructures' in project 'swift-nio'
        ➜ Explicit dependency on target 'DequeModule' in project 'swift-collections'
        ➜ Explicit dependency on target 'Atomics' in project 'swift-atomics'
    Target 'Atomics' in project 'swift-atomics'
        ➜ Explicit dependency on target 'Atomics' in project 'swift-atomics'
        ➜ Explicit dependency on target '_AtomicsShims' in project 'swift-atomics'
    Target 'Atomics' in project 'swift-atomics'
        ➜ Explicit dependency on target '_AtomicsShims' in project 'swift-atomics'
    Target '_AtomicsShims' in project 'swift-atomics' (no dependencies)
    Target 'DequeModule' in project 'swift-collections'
        ➜ Explicit dependency on target 'DequeModule' in project 'swift-collections'
        ➜ Explicit dependency on target 'InternalCollectionsUtilities' in project 'swift-collections'
    Target 'DequeModule' in project 'swift-collections'
        ➜ Explicit dependency on target 'InternalCollectionsUtilities' in project 'swift-collections'
    Target 'InternalCollectionsUtilities' in project 'swift-collections' (no dependencies)
    Target '_NIODataStructures' in project 'swift-nio' (no dependencies)
    Target 'CNIOWindows' in project 'swift-nio' (no dependencies)
    Target 'CNIOLinux' in project 'swift-nio' (no dependencies)
    Target 'CNIODarwin' in project 'swift-nio' (no dependencies)
    Target '_NIOBase64' in project 'swift-nio' (no dependencies)
    Target 'NIOConcurrencyHelpers' in project 'swift-nio'
        ➜ Explicit dependency on target 'CNIOAtomics' in project 'swift-nio'
    Target 'CNIOAtomics' in project 'swift-nio' (no dependencies)

GatherProvisioningInputs

CreateBuildDescription

ClangStatCache /Applications/Xcode.app/Contents/Developer/Toolchains/XcodeDefault.xctoolchain/usr/bin/clang-stat-cache /Applications/Xcode.app/Contents/Developer/Platforms/iPhoneSimulator.platform/Developer/SDKs/iPhoneSimulator18.5.sdk /Users/navan.chauhan/Library/Developer/Xcode/DerivedData/SDKStatCaches.noindex/iphonesimulator18.5-22F76-d5fc8ad4295d2ef488fb7d0f804ce0c4.sdkstatcache
    cd /Users/navan.chauhan/Developer/navanchauhan/iGopherBrowser/iGopherBrowser.xcodeproj
    /Applications/Xcode.app/Contents/Developer/Toolchains/XcodeDefault.xctoolchain/usr/bin/clang-stat-cache /Applications/Xcode.app/Contents/Developer/Platforms/iPhoneSimulator.platform/Developer/SDKs/iPhoneSimulator18.5.sdk -o /Users/navan.chauhan/Library/Developer/Xcode/DerivedData/SDKStatCaches.noindex/iphonesimulator18.5-22F76-d5fc8ad4295d2ef488fb7d0f804ce0c4.sdkstatcache

SwiftDriver iGopherBrowserUITests normal arm64 com.apple.xcode.tools.swift.compiler (in target 'iGopherBrowserUITests' from project 'iGopherBrowser')
    cd /Users/navan.chauhan/Developer/navanchauhan/iGopherBrowser
    builtin-SwiftDriver -- /Applications/Xcode.app/Contents/Developer/Toolchains/XcodeDefault.xctoolchain/usr/bin/swiftc -module-name iGopherBrowserUITests -Onone -enforce-exclusivity\=checked @/Users/navan.chauhan/Library/Developer/Xcode/DerivedData/iGopherBrowser-hcogktcctikcxodzllgcsxuulqwt/Build/Intermediates.noindex/iGopherBrowser.build/Debug-iphonesimulator/iGopherBrowserUITests.build/Objects-normal/arm64/iGopherBrowserUITests.SwiftFileList -DDEBUG -module-alias Testing\=_Testing_Unavailable -plugin-path /Applications/Xcode.app/Contents/Developer/Toolchains/XcodeDefault.xctoolchain/usr/lib/swift/host/plugins/testing -enable-bare-slash-regex -enable-experimental-feature DebugDescriptionMacro -sdk /Applications/Xcode.app/Contents/Developer/Platforms/iPhoneSimulator.platform/Developer/SDKs/iPhoneSimulator18.5.sdk -target arm64-apple-ios17.0-simulator -g -module-cache-path /Users/navan.chauhan/Library/Developer/Xcode/DerivedData/ModuleCache.noindex -Xfrontend -serialize-debugging-options -profile-coverage-mapping -profile-generate -enable-testing -index-store-path /Users/navan.chauhan/Library/Developer/Xcode/DerivedData/iGopherBrowser-hcogktcctikcxodzllgcsxuulqwt/Index.noindex/DataStore -swift-version 5 -I /Users/navan.chauhan/Library/Developer/Xcode/DerivedData/iGopherBrowser-hcogktcctikcxodzllgcsxuulqwt/Build/Products/Debug-iphonesimulator -I /Applications/Xcode.app/Contents/Developer/Platforms/iPhoneSimulator.platform/Developer/usr/lib -F /Users/navan.chauhan/Library/Developer/Xcode/DerivedData/iGopherBrowser-hcogktcctikcxodzllgcsxuulqwt/Build/Products/Debug-iphonesimulator -F /Applications/Xcode.app/Contents/Developer/Platforms/iPhoneSimulator.platform/Developer/Library/Frameworks -F /Applications/Xcode.app/Contents/Developer/Platforms/iPhoneSimulator.platform/Developer/SDKs/iPhoneSimulator18.5.sdk/Developer/Library/Frameworks -c -j16 -enable-batch-mode -incremental -Xcc -ivfsstatcache -Xcc /Users/navan.chauhan/Library/Developer/Xcode/DerivedData/SDKStatCaches.noindex/iphonesimulator18.5-22F76-d5fc8ad4295d2ef488fb7d0f804ce0c4.sdkstatcache -output-file-map /Users/navan.chauhan/Library/Developer/Xcode/DerivedData/iGopherBrowser-hcogktcctikcxodzllgcsxuulqwt/Build/Intermediates.noindex/iGopherBrowser.build/Debug-iphonesimulator/iGopherBrowserUITests.build/Objects-normal/arm64/iGopherBrowserUITests-OutputFileMap.json -use-frontend-parseable-output -save-temps -no-color-diagnostics -serialize-diagnostics -emit-dependencies -emit-module -emit-module-path /Users/navan.chauhan/Library/Developer/Xcode/DerivedData/iGopherBrowser-hcogktcctikcxodzllgcsxuulqwt/Build/Intermediates.noindex/iGopherBrowser.build/Debug-iphonesimulator/iGopherBrowserUITests.build/Objects-normal/arm64/iGopherBrowserUITests.swiftmodule -validate-clang-modules-once -clang-build-session-file /Users/navan.chauhan/Library/Developer/Xcode/DerivedData/ModuleCache.noindex/Session.modulevalidation -Xcc -I/Users/navan.chauhan/Library/Developer/Xcode/DerivedData/iGopherBrowser-hcogktcctikcxodzllgcsxuulqwt/Build/Intermediates.noindex/iGopherBrowser.build/Debug-iphonesimulator/iGopherBrowserUITests.build/swift-overrides.hmap -emit-const-values -Xfrontend -const-gather-protocols-file -Xfrontend /Users/navan.chauhan/Library/Developer/Xcode/DerivedData/iGopherBrowser-hcogktcctikcxodzllgcsxuulqwt/Build/Intermediates.noindex/iGopherBrowser.build/Debug-iphonesimulator/iGopherBrowserUITests.build/Objects-normal/arm64/iGopherBrowserUITests_const_extract_protocols.json -Xcc -iquote -Xcc /Users/navan.chauhan/Library/Developer/Xcode/DerivedData/iGopherBrowser-hcogktcctikcxodzllgcsxuulqwt/Build/Intermediates.noindex/iGopherBrowser.build/Debug-iphonesimulator/iGopherBrowserUITests.build/iGopherBrowserUITests-generated-files.hmap -Xcc -I/Users/navan.chauhan/Library/Developer/Xcode/DerivedData/iGopherBrowser-hcogktcctikcxodzllgcsxuulqwt/Build/Intermediates.noindex/iGopherBrowser.build/Debug-iphonesimulator/iGopherBrowserUITests.build/iGopherBrowserUITests-own-target-headers.hmap -Xcc -I/Users/navan.chauhan/Library/Developer/Xcode/DerivedData/iGopherBrowser-hcogktcctikcxodzllgcsxuulqwt/Build/Intermediates.noindex/iGopherBrowser.build/Debug-iphonesimulator/iGopherBrowserUITests.build/iGopherBrowserUITests-all-non-framework-target-headers.hmap -Xcc -ivfsoverlay -Xcc /Users/navan.chauhan/Library/Developer/Xcode/DerivedData/iGopherBrowser-hcogktcctikcxodzllgcsxuulqwt/Build/Intermediates.noindex/iGopherBrowser.build/Debug-iphonesimulator/iGopherBrowser-4847d85aed5a7e10a3bc21b5c8df96af-VFS-iphonesimulator/all-product-headers.yaml -Xcc -iquote -Xcc /Users/navan.chauhan/Library/Developer/Xcode/DerivedData/iGopherBrowser-hcogktcctikcxodzllgcsxuulqwt/Build/Intermediates.noindex/iGopherBrowser.build/Debug-iphonesimulator/iGopherBrowserUITests.build/iGopherBrowserUITests-project-headers.hmap -Xcc -I/Users/navan.chauhan/Library/Developer/Xcode/DerivedData/iGopherBrowser-hcogktcctikcxodzllgcsxuulqwt/Build/Products/Debug-iphonesimulator/include -Xcc -I/Users/navan.chauhan/Library/Developer/Xcode/DerivedData/iGopherBrowser-hcogktcctikcxodzllgcsxuulqwt/Build/Intermediates.noindex/iGopherBrowser.build/Debug-iphonesimulator/iGopherBrowserUITests.build/DerivedSources-normal/arm64 -Xcc -I/Users/navan.chauhan/Library/Developer/Xcode/DerivedData/iGopherBrowser-hcogktcctikcxodzllgcsxuulqwt/Build/Intermediates.noindex/iGopherBrowser.build/Debug-iphonesimulator/iGopherBrowserUITests.build/DerivedSources/arm64 -Xcc -I/Users/navan.chauhan/Library/Developer/Xcode/DerivedData/iGopherBrowser-hcogktcctikcxodzllgcsxuulqwt/Build/Intermediates.noindex/iGopherBrowser.build/Debug-iphonesimulator/iGopherBrowserUITests.build/DerivedSources -Xcc -DDEBUG\=1 -emit-objc-header -emit-objc-header-path /Users/navan.chauhan/Library/Developer/Xcode/DerivedData/iGopherBrowser-hcogktcctikcxodzllgcsxuulqwt/Build/Intermediates.noindex/iGopherBrowser.build/Debug-iphonesimulator/iGopherBrowserUITests.build/Objects-normal/arm64/iGopherBrowserUITests-Swift.h -working-directory /Users/navan.chauhan/Developer/navanchauhan/iGopherBrowser -experimental-emit-module-separately -disable-cmo

SwiftEmitModule normal arm64 Emitting\ module\ for\ iGopherBrowserUITests (in target 'iGopherBrowserUITests' from project 'iGopherBrowser')

EmitSwiftModule normal arm64 (in target 'iGopherBrowserUITests' from project 'iGopherBrowser')
    cd /Users/navan.chauhan/Developer/navanchauhan/iGopherBrowser
    

SwiftCompile normal arm64 Compiling\ iGopherBrowserUITests.swift /Users/navan.chauhan/Developer/navanchauhan/iGopherBrowser/iGopherBrowserUITests/iGopherBrowserUITests.swift (in target 'iGopherBrowserUITests' from project 'iGopherBrowser')
SwiftCompile normal arm64 /Users/navan.chauhan/Developer/navanchauhan/iGopherBrowser/iGopherBrowserUITests/iGopherBrowserUITests.swift (in target 'iGopherBrowserUITests' from project 'iGopherBrowser')
    cd /Users/navan.chauhan/Developer/navanchauhan/iGopherBrowser
    

SwiftDriverJobDiscovery normal arm64 Emitting module for iGopherBrowserUITests (in target 'iGopherBrowserUITests' from project 'iGopherBrowser')

SwiftDriver\ Compilation\ Requirements iGopherBrowserUITests normal arm64 com.apple.xcode.tools.swift.compiler (in target 'iGopherBrowserUITests' from project 'iGopherBrowser')
    cd /Users/navan.chauhan/Developer/navanchauhan/iGopherBrowser
    builtin-Swift-Compilation-Requirements -- /Applications/Xcode.app/Contents/Developer/Toolchains/XcodeDefault.xctoolchain/usr/bin/swiftc -module-name iGopherBrowserUITests -Onone -enforce-exclusivity\=checked @/Users/navan.chauhan/Library/Developer/Xcode/DerivedData/iGopherBrowser-hcogktcctikcxodzllgcsxuulqwt/Build/Intermediates.noindex/iGopherBrowser.build/Debug-iphonesimulator/iGopherBrowserUITests.build/Objects-normal/arm64/iGopherBrowserUITests.SwiftFileList -DDEBUG -module-alias Testing\=_Testing_Unavailable -plugin-path /Applications/Xcode.app/Contents/Developer/Toolchains/XcodeDefault.xctoolchain/usr/lib/swift/host/plugins/testing -enable-bare-slash-regex -enable-experimental-feature DebugDescriptionMacro -sdk /Applications/Xcode.app/Contents/Developer/Platforms/iPhoneSimulator.platform/Developer/SDKs/iPhoneSimulator18.5.sdk -target arm64-apple-ios17.0-simulator -g -module-cache-path /Users/navan.chauhan/Library/Developer/Xcode/DerivedData/ModuleCache.noindex -Xfrontend -serialize-debugging-options -profile-coverage-mapping -profile-generate -enable-testing -index-store-path /Users/navan.chauhan/Library/Developer/Xcode/DerivedData/iGopherBrowser-hcogktcctikcxodzllgcsxuulqwt/Index.noindex/DataStore -swift-version 5 -I /Users/navan.chauhan/Library/Developer/Xcode/DerivedData/iGopherBrowser-hcogktcctikcxodzllgcsxuulqwt/Build/Products/Debug-iphonesimulator -I /Applications/Xcode.app/Contents/Developer/Platforms/iPhoneSimulator.platform/Developer/usr/lib -F /Users/navan.chauhan/Library/Developer/Xcode/DerivedData/iGopherBrowser-hcogktcctikcxodzllgcsxuulqwt/Build/Products/Debug-iphonesimulator -F /Applications/Xcode.app/Contents/Developer/Platforms/iPhoneSimulator.platform/Developer/Library/Frameworks -F /Applications/Xcode.app/Contents/Developer/Platforms/iPhoneSimulator.platform/Developer/SDKs/iPhoneSimulator18.5.sdk/Developer/Library/Frameworks -c -j16 -enable-batch-mode -incremental -Xcc -ivfsstatcache -Xcc /Users/navan.chauhan/Library/Developer/Xcode/DerivedData/SDKStatCaches.noindex/iphonesimulator18.5-22F76-d5fc8ad4295d2ef488fb7d0f804ce0c4.sdkstatcache -output-file-map /Users/navan.chauhan/Library/Developer/Xcode/DerivedData/iGopherBrowser-hcogktcctikcxodzllgcsxuulqwt/Build/Intermediates.noindex/iGopherBrowser.build/Debug-iphonesimulator/iGopherBrowserUITests.build/Objects-normal/arm64/iGopherBrowserUITests-OutputFileMap.json -use-frontend-parseable-output -save-temps -no-color-diagnostics -serialize-diagnostics -emit-dependencies -emit-module -emit-module-path /Users/navan.chauhan/Library/Developer/Xcode/DerivedData/iGopherBrowser-hcogktcctikcxodzllgcsxuulqwt/Build/Intermediates.noindex/iGopherBrowser.build/Debug-iphonesimulator/iGopherBrowserUITests.build/Objects-normal/arm64/iGopherBrowserUITests.swiftmodule -validate-clang-modules-once -clang-build-session-file /Users/navan.chauhan/Library/Developer/Xcode/DerivedData/ModuleCache.noindex/Session.modulevalidation -Xcc -I/Users/navan.chauhan/Library/Developer/Xcode/DerivedData/iGopherBrowser-hcogktcctikcxodzllgcsxuulqwt/Build/Intermediates.noindex/iGopherBrowser.build/Debug-iphonesimulator/iGopherBrowserUITests.build/swift-overrides.hmap -emit-const-values -Xfrontend -const-gather-protocols-file -Xfrontend /Users/navan.chauhan/Library/Developer/Xcode/DerivedData/iGopherBrowser-hcogktcctikcxodzllgcsxuulqwt/Build/Intermediates.noindex/iGopherBrowser.build/Debug-iphonesimulator/iGopherBrowserUITests.build/Objects-normal/arm64/iGopherBrowserUITests_const_extract_protocols.json -Xcc -iquote -Xcc /Users/navan.chauhan/Library/Developer/Xcode/DerivedData/iGopherBrowser-hcogktcctikcxodzllgcsxuulqwt/Build/Intermediates.noindex/iGopherBrowser.build/Debug-iphonesimulator/iGopherBrowserUITests.build/iGopherBrowserUITests-generated-files.hmap -Xcc -I/Users/navan.chauhan/Library/Developer/Xcode/DerivedData/iGopherBrowser-hcogktcctikcxodzllgcsxuulqwt/Build/Intermediates.noindex/iGopherBrowser.build/Debug-iphonesimulator/iGopherBrowserUITests.build/iGopherBrowserUITests-own-target-headers.hmap -Xcc -I/Users/navan.chauhan/Library/Developer/Xcode/DerivedData/iGopherBrowser-hcogktcctikcxodzllgcsxuulqwt/Build/Intermediates.noindex/iGopherBrowser.build/Debug-iphonesimulator/iGopherBrowserUITests.build/iGopherBrowserUITests-all-non-framework-target-headers.hmap -Xcc -ivfsoverlay -Xcc /Users/navan.chauhan/Library/Developer/Xcode/DerivedData/iGopherBrowser-hcogktcctikcxodzllgcsxuulqwt/Build/Intermediates.noindex/iGopherBrowser.build/Debug-iphonesimulator/iGopherBrowser-4847d85aed5a7e10a3bc21b5c8df96af-VFS-iphonesimulator/all-product-headers.yaml -Xcc -iquote -Xcc /Users/navan.chauhan/Library/Developer/Xcode/DerivedData/iGopherBrowser-hcogktcctikcxodzllgcsxuulqwt/Build/Intermediates.noindex/iGopherBrowser.build/Debug-iphonesimulator/iGopherBrowserUITests.build/iGopherBrowserUITests-project-headers.hmap -Xcc -I/Users/navan.chauhan/Library/Developer/Xcode/DerivedData/iGopherBrowser-hcogktcctikcxodzllgcsxuulqwt/Build/Products/Debug-iphonesimulator/include -Xcc -I/Users/navan.chauhan/Library/Developer/Xcode/DerivedData/iGopherBrowser-hcogktcctikcxodzllgcsxuulqwt/Build/Intermediates.noindex/iGopherBrowser.build/Debug-iphonesimulator/iGopherBrowserUITests.build/DerivedSources-normal/arm64 -Xcc -I/Users/navan.chauhan/Library/Developer/Xcode/DerivedData/iGopherBrowser-hcogktcctikcxodzllgcsxuulqwt/Build/Intermediates.noindex/iGopherBrowser.build/Debug-iphonesimulator/iGopherBrowserUITests.build/DerivedSources/arm64 -Xcc -I/Users/navan.chauhan/Library/Developer/Xcode/DerivedData/iGopherBrowser-hcogktcctikcxodzllgcsxuulqwt/Build/Intermediates.noindex/iGopherBrowser.build/Debug-iphonesimulator/iGopherBrowserUITests.build/DerivedSources -Xcc -DDEBUG\=1 -emit-objc-header -emit-objc-header-path /Users/navan.chauhan/Library/Developer/Xcode/DerivedData/iGopherBrowser-hcogktcctikcxodzllgcsxuulqwt/Build/Intermediates.noindex/iGopherBrowser.build/Debug-iphonesimulator/iGopherBrowserUITests.build/Objects-normal/arm64/iGopherBrowserUITests-Swift.h -working-directory /Users/navan.chauhan/Developer/navanchauhan/iGopherBrowser -experimental-emit-module-separately -disable-cmo

Copy /Users/navan.chauhan/Library/Developer/Xcode/DerivedData/iGopherBrowser-hcogktcctikcxodzllgcsxuulqwt/Build/Products/Debug-iphonesimulator/iGopherBrowserUITests.swiftmodule/Project/arm64-apple-ios-simulator.swiftsourceinfo /Users/navan.chauhan/Library/Developer/Xcode/DerivedData/iGopherBrowser-hcogktcctikcxodzllgcsxuulqwt/Build/Intermediates.noindex/iGopherBrowser.build/Debug-iphonesimulator/iGopherBrowserUITests.build/Objects-normal/arm64/iGopherBrowserUITests.swiftsourceinfo (in target 'iGopherBrowserUITests' from project 'iGopherBrowser')
    cd /Users/navan.chauhan/Developer/navanchauhan/iGopherBrowser
    builtin-copy -exclude .DS_Store -exclude CVS -exclude .svn -exclude .git -exclude .hg -resolve-src-symlinks -rename /Users/navan.chauhan/Library/Developer/Xcode/DerivedData/iGopherBrowser-hcogktcctikcxodzllgcsxuulqwt/Build/Intermediates.noindex/iGopherBrowser.build/Debug-iphonesimulator/iGopherBrowserUITests.build/Objects-normal/arm64/iGopherBrowserUITests.swiftsourceinfo /Users/navan.chauhan/Library/Developer/Xcode/DerivedData/iGopherBrowser-hcogktcctikcxodzllgcsxuulqwt/Build/Products/Debug-iphonesimulator/iGopherBrowserUITests.swiftmodule/Project/arm64-apple-ios-simulator.swiftsourceinfo

Copy /Users/navan.chauhan/Library/Developer/Xcode/DerivedData/iGopherBrowser-hcogktcctikcxodzllgcsxuulqwt/Build/Products/Debug-iphonesimulator/iGopherBrowserUITests.swiftmodule/arm64-apple-ios-simulator.abi.json /Users/navan.chauhan/Library/Developer/Xcode/DerivedData/iGopherBrowser-hcogktcctikcxodzllgcsxuulqwt/Build/Intermediates.noindex/iGopherBrowser.build/Debug-iphonesimulator/iGopherBrowserUITests.build/Objects-normal/arm64/iGopherBrowserUITests.abi.json (in target 'iGopherBrowserUITests' from project 'iGopherBrowser')
    cd /Users/navan.chauhan/Developer/navanchauhan/iGopherBrowser
    builtin-copy -exclude .DS_Store -exclude CVS -exclude .svn -exclude .git -exclude .hg -resolve-src-symlinks -rename /Users/navan.chauhan/Library/Developer/Xcode/DerivedData/iGopherBrowser-hcogktcctikcxodzllgcsxuulqwt/Build/Intermediates.noindex/iGopherBrowser.build/Debug-iphonesimulator/iGopherBrowserUITests.build/Objects-normal/arm64/iGopherBrowserUITests.abi.json /Users/navan.chauhan/Library/Developer/Xcode/DerivedData/iGopherBrowser-hcogktcctikcxodzllgcsxuulqwt/Build/Products/Debug-iphonesimulator/iGopherBrowserUITests.swiftmodule/arm64-apple-ios-simulator.abi.json

SwiftDriverJobDiscovery normal arm64 Compiling iGopherBrowserUITests.swift (in target 'iGopherBrowserUITests' from project 'iGopherBrowser')

SwiftDriver\ Compilation iGopherBrowserUITests normal arm64 com.apple.xcode.tools.swift.compiler (in target 'iGopherBrowserUITests' from project 'iGopherBrowser')
    cd /Users/navan.chauhan/Developer/navanchauhan/iGopherBrowser
    builtin-Swift-Compilation -- /Applications/Xcode.app/Contents/Developer/Toolchains/XcodeDefault.xctoolchain/usr/bin/swiftc -module-name iGopherBrowserUITests -Onone -enforce-exclusivity\=checked @/Users/navan.chauhan/Library/Developer/Xcode/DerivedData/iGopherBrowser-hcogktcctikcxodzllgcsxuulqwt/Build/Intermediates.noindex/iGopherBrowser.build/Debug-iphonesimulator/iGopherBrowserUITests.build/Objects-normal/arm64/iGopherBrowserUITests.SwiftFileList -DDEBUG -module-alias Testing\=_Testing_Unavailable -plugin-path /Applications/Xcode.app/Contents/Developer/Toolchains/XcodeDefault.xctoolchain/usr/lib/swift/host/plugins/testing -enable-bare-slash-regex -enable-experimental-feature DebugDescriptionMacro -sdk /Applications/Xcode.app/Contents/Developer/Platforms/iPhoneSimulator.platform/Developer/SDKs/iPhoneSimulator18.5.sdk -target arm64-apple-ios17.0-simulator -g -module-cache-path /Users/navan.chauhan/Library/Developer/Xcode/DerivedData/ModuleCache.noindex -Xfrontend -serialize-debugging-options -profile-coverage-mapping -profile-generate -enable-testing -index-store-path /Users/navan.chauhan/Library/Developer/Xcode/DerivedData/iGopherBrowser-hcogktcctikcxodzllgcsxuulqwt/Index.noindex/DataStore -swift-version 5 -I /Users/navan.chauhan/Library/Developer/Xcode/DerivedData/iGopherBrowser-hcogktcctikcxodzllgcsxuulqwt/Build/Products/Debug-iphonesimulator -I /Applications/Xcode.app/Contents/Developer/Platforms/iPhoneSimulator.platform/Developer/usr/lib -F /Users/navan.chauhan/Library/Developer/Xcode/DerivedData/iGopherBrowser-hcogktcctikcxodzllgcsxuulqwt/Build/Products/Debug-iphonesimulator -F /Applications/Xcode.app/Contents/Developer/Platforms/iPhoneSimulator.platform/Developer/Library/Frameworks -F /Applications/Xcode.app/Contents/Developer/Platforms/iPhoneSimulator.platform/Developer/SDKs/iPhoneSimulator18.5.sdk/Developer/Library/Frameworks -c -j16 -enable-batch-mode -incremental -Xcc -ivfsstatcache -Xcc /Users/navan.chauhan/Library/Developer/Xcode/DerivedData/SDKStatCaches.noindex/iphonesimulator18.5-22F76-d5fc8ad4295d2ef488fb7d0f804ce0c4.sdkstatcache -output-file-map /Users/navan.chauhan/Library/Developer/Xcode/DerivedData/iGopherBrowser-hcogktcctikcxodzllgcsxuulqwt/Build/Intermediates.noindex/iGopherBrowser.build/Debug-iphonesimulator/iGopherBrowserUITests.build/Objects-normal/arm64/iGopherBrowserUITests-OutputFileMap.json -use-frontend-parseable-output -save-temps -no-color-diagnostics -serialize-diagnostics -emit-dependencies -emit-module -emit-module-path /Users/navan.chauhan/Library/Developer/Xcode/DerivedData/iGopherBrowser-hcogktcctikcxodzllgcsxuulqwt/Build/Intermediates.noindex/iGopherBrowser.build/Debug-iphonesimulator/iGopherBrowserUITests.build/Objects-normal/arm64/iGopherBrowserUITests.swiftmodule -validate-clang-modules-once -clang-build-session-file /Users/navan.chauhan/Library/Developer/Xcode/DerivedData/ModuleCache.noindex/Session.modulevalidation -Xcc -I/Users/navan.chauhan/Library/Developer/Xcode/DerivedData/iGopherBrowser-hcogktcctikcxodzllgcsxuulqwt/Build/Intermediates.noindex/iGopherBrowser.build/Debug-iphonesimulator/iGopherBrowserUITests.build/swift-overrides.hmap -emit-const-values -Xfrontend -const-gather-protocols-file -Xfrontend /Users/navan.chauhan/Library/Developer/Xcode/DerivedData/iGopherBrowser-hcogktcctikcxodzllgcsxuulqwt/Build/Intermediates.noindex/iGopherBrowser.build/Debug-iphonesimulator/iGopherBrowserUITests.build/Objects-normal/arm64/iGopherBrowserUITests_const_extract_protocols.json -Xcc -iquote -Xcc /Users/navan.chauhan/Library/Developer/Xcode/DerivedData/iGopherBrowser-hcogktcctikcxodzllgcsxuulqwt/Build/Intermediates.noindex/iGopherBrowser.build/Debug-iphonesimulator/iGopherBrowserUITests.build/iGopherBrowserUITests-generated-files.hmap -Xcc -I/Users/navan.chauhan/Library/Developer/Xcode/DerivedData/iGopherBrowser-hcogktcctikcxodzllgcsxuulqwt/Build/Intermediates.noindex/iGopherBrowser.build/Debug-iphonesimulator/iGopherBrowserUITests.build/iGopherBrowserUITests-own-target-headers.hmap -Xcc -I/Users/navan.chauhan/Library/Developer/Xcode/DerivedData/iGopherBrowser-hcogktcctikcxodzllgcsxuulqwt/Build/Intermediates.noindex/iGopherBrowser.build/Debug-iphonesimulator/iGopherBrowserUITests.build/iGopherBrowserUITests-all-non-framework-target-headers.hmap -Xcc -ivfsoverlay -Xcc /Users/navan.chauhan/Library/Developer/Xcode/DerivedData/iGopherBrowser-hcogktcctikcxodzllgcsxuulqwt/Build/Intermediates.noindex/iGopherBrowser.build/Debug-iphonesimulator/iGopherBrowser-4847d85aed5a7e10a3bc21b5c8df96af-VFS-iphonesimulator/all-product-headers.yaml -Xcc -iquote -Xcc /Users/navan.chauhan/Library/Developer/Xcode/DerivedData/iGopherBrowser-hcogktcctikcxodzllgcsxuulqwt/Build/Intermediates.noindex/iGopherBrowser.build/Debug-iphonesimulator/iGopherBrowserUITests.build/iGopherBrowserUITests-project-headers.hmap -Xcc -I/Users/navan.chauhan/Library/Developer/Xcode/DerivedData/iGopherBrowser-hcogktcctikcxodzllgcsxuulqwt/Build/Products/Debug-iphonesimulator/include -Xcc -I/Users/navan.chauhan/Library/Developer/Xcode/DerivedData/iGopherBrowser-hcogktcctikcxodzllgcsxuulqwt/Build/Intermediates.noindex/iGopherBrowser.build/Debug-iphonesimulator/iGopherBrowserUITests.build/DerivedSources-normal/arm64 -Xcc -I/Users/navan.chauhan/Library/Developer/Xcode/DerivedData/iGopherBrowser-hcogktcctikcxodzllgcsxuulqwt/Build/Intermediates.noindex/iGopherBrowser.build/Debug-iphonesimulator/iGopherBrowserUITests.build/DerivedSources/arm64 -Xcc -I/Users/navan.chauhan/Library/Developer/Xcode/DerivedData/iGopherBrowser-hcogktcctikcxodzllgcsxuulqwt/Build/Intermediates.noindex/iGopherBrowser.build/Debug-iphonesimulator/iGopherBrowserUITests.build/DerivedSources -Xcc -DDEBUG\=1 -emit-objc-header -emit-objc-header-path /Users/navan.chauhan/Library/Developer/Xcode/DerivedData/iGopherBrowser-hcogktcctikcxodzllgcsxuulqwt/Build/Intermediates.noindex/iGopherBrowser.build/Debug-iphonesimulator/iGopherBrowserUITests.build/Objects-normal/arm64/iGopherBrowserUITests-Swift.h -working-directory /Users/navan.chauhan/Developer/navanchauhan/iGopherBrowser -experimental-emit-module-separately -disable-cmo

Ld /Users/navan.chauhan/Library/Developer/Xcode/DerivedData/iGopherBrowser-hcogktcctikcxodzllgcsxuulqwt/Build/Products/Debug-iphonesimulator/iGopherBrowserUITests-Runner.app/PlugIns/iGopherBrowserUITests.xctest/iGopherBrowserUITests normal (in target 'iGopherBrowserUITests' from project 'iGopherBrowser')
    cd /Users/navan.chauhan/Developer/navanchauhan/iGopherBrowser
    /Applications/Xcode.app/Contents/Developer/Toolchains/XcodeDefault.xctoolchain/usr/bin/clang -Xlinker -reproducible -target arm64-apple-ios17.0-simulator -bundle -isysroot /Applications/Xcode.app/Contents/Developer/Platforms/iPhoneSimulator.platform/Developer/SDKs/iPhoneSimulator18.5.sdk -O0 -L/Users/navan.chauhan/Library/Developer/Xcode/DerivedData/iGopherBrowser-hcogktcctikcxodzllgcsxuulqwt/Build/Intermediates.noindex/EagerLinkingTBDs/Debug-iphonesimulator -L/Users/navan.chauhan/Library/Developer/Xcode/DerivedData/iGopherBrowser-hcogktcctikcxodzllgcsxuulqwt/Build/Products/Debug-iphonesimulator -L/Applications/Xcode.app/Contents/Developer/Platforms/iPhoneSimulator.platform/Developer/usr/lib -F/Users/navan.chauhan/Library/Developer/Xcode/DerivedData/iGopherBrowser-hcogktcctikcxodzllgcsxuulqwt/Build/Intermediates.noindex/EagerLinkingTBDs/Debug-iphonesimulator -F/Users/navan.chauhan/Library/Developer/Xcode/DerivedData/iGopherBrowser-hcogktcctikcxodzllgcsxuulqwt/Build/Products/Debug-iphonesimulator -iframework /Applications/Xcode.app/Contents/Developer/Platforms/iPhoneSimulator.platform/Developer/Library/Frameworks -iframework /Applications/Xcode.app/Contents/Developer/Platforms/iPhoneSimulator.platform/Developer/SDKs/iPhoneSimulator18.5.sdk/Developer/Library/Frameworks -filelist /Users/navan.chauhan/Library/Developer/Xcode/DerivedData/iGopherBrowser-hcogktcctikcxodzllgcsxuulqwt/Build/Intermediates.noindex/iGopherBrowser.build/Debug-iphonesimulator/iGopherBrowserUITests.build/Objects-normal/arm64/iGopherBrowserUITests.LinkFileList -Xlinker -rpath -Xlinker @loader_path/Frameworks -dead_strip -Xlinker -object_path_lto -Xlinker /Users/navan.chauhan/Library/Developer/Xcode/DerivedData/iGopherBrowser-hcogktcctikcxodzllgcsxuulqwt/Build/Intermediates.noindex/iGopherBrowser.build/Debug-iphonesimulator/iGopherBrowserUITests.build/Objects-normal/arm64/iGopherBrowserUITests_lto.o -rdynamic -Xlinker -no_deduplicate -Xlinker -objc_abi_version -Xlinker 2 -Xlinker -debug_variant -Xlinker -dependency_info -Xlinker /Users/navan.chauhan/Library/Developer/Xcode/DerivedData/iGopherBrowser-hcogktcctikcxodzllgcsxuulqwt/Build/Intermediates.noindex/iGopherBrowser.build/Debug-iphonesimulator/iGopherBrowserUITests.build/Objects-normal/arm64/iGopherBrowserUITests_dependency_info.dat -fobjc-link-runtime -fprofile-instr-generate -L/Applications/Xcode.app/Contents/Developer/Toolchains/XcodeDefault.xctoolchain/usr/lib/swift/iphonesimulator -L/usr/lib/swift -Xlinker -add_ast_path -Xlinker /Users/navan.chauhan/Library/Developer/Xcode/DerivedData/iGopherBrowser-hcogktcctikcxodzllgcsxuulqwt/Build/Intermediates.noindex/iGopherBrowser.build/Debug-iphonesimulator/iGopherBrowserUITests.build/Objects-normal/arm64/iGopherBrowserUITests.swiftmodule -framework XCTest -lXCTestSwiftSupport -Xlinker -sectcreate -Xlinker __TEXT -Xlinker __entitlements -Xlinker /Users/navan.chauhan/Library/Developer/Xcode/DerivedData/iGopherBrowser-hcogktcctikcxodzllgcsxuulqwt/Build/Intermediates.noindex/iGopherBrowser.build/Debug-iphonesimulator/iGopherBrowserUITests.build/iGopherBrowserUITests.xctest-Simulated.xcent -Xlinker -sectcreate -Xlinker __TEXT -Xlinker __ents_der -Xlinker /Users/navan.chauhan/Library/Developer/Xcode/DerivedData/iGopherBrowser-hcogktcctikcxodzllgcsxuulqwt/Build/Intermediates.noindex/iGopherBrowser.build/Debug-iphonesimulator/iGopherBrowserUITests.build/iGopherBrowserUITests.xctest-Simulated.xcent.der -Xlinker -no_adhoc_codesign -o /Users/navan.chauhan/Library/Developer/Xcode/DerivedData/iGopherBrowser-hcogktcctikcxodzllgcsxuulqwt/Build/Products/Debug-iphonesimulator/iGopherBrowserUITests-Runner.app/PlugIns/iGopherBrowserUITests.xctest/iGopherBrowserUITests

CopySwiftLibs /Users/navan.chauhan/Library/Developer/Xcode/DerivedData/iGopherBrowser-hcogktcctikcxodzllgcsxuulqwt/Build/Products/Debug-iphonesimulator/iGopherBrowserUITests-Runner.app/PlugIns/iGopherBrowserUITests.xctest (in target 'iGopherBrowserUITests' from project 'iGopherBrowser')
    cd /Users/navan.chauhan/Developer/navanchauhan/iGopherBrowser
    builtin-swiftStdLibTool --copy --verbose --sign - --scan-executable /Users/navan.chauhan/Library/Developer/Xcode/DerivedData/iGopherBrowser-hcogktcctikcxodzllgcsxuulqwt/Build/Products/Debug-iphonesimulator/iGopherBrowserUITests-Runner.app/PlugIns/iGopherBrowserUITests.xctest/iGopherBrowserUITests --scan-folder /Users/navan.chauhan/Library/Developer/Xcode/DerivedData/iGopherBrowser-hcogktcctikcxodzllgcsxuulqwt/Build/Products/Debug-iphonesimulator/iGopherBrowserUITests-Runner.app/PlugIns/iGopherBrowserUITests.xctest/Frameworks --scan-folder /Users/navan.chauhan/Library/Developer/Xcode/DerivedData/iGopherBrowser-hcogktcctikcxodzllgcsxuulqwt/Build/Products/Debug-iphonesimulator/iGopherBrowserUITests-Runner.app/PlugIns/iGopherBrowserUITests.xctest/PlugIns --scan-folder /Users/navan.chauhan/Library/Developer/Xcode/DerivedData/iGopherBrowser-hcogktcctikcxodzllgcsxuulqwt/Build/Products/Debug-iphonesimulator/iGopherBrowserUITests-Runner.app/PlugIns/iGopherBrowserUITests.xctest/SystemExtensions --scan-folder /Users/navan.chauhan/Library/Developer/Xcode/DerivedData/iGopherBrowser-hcogktcctikcxodzllgcsxuulqwt/Build/Products/Debug-iphonesimulator/iGopherBrowserUITests-Runner.app/PlugIns/iGopherBrowserUITests.xctest/Extensions --platform iphonesimulator --toolchain /Applications/Xcode.app/Contents/Developer/Toolchains/XcodeDefault.xctoolchain --destination /Users/navan.chauhan/Library/Developer/Xcode/DerivedData/iGopherBrowser-hcogktcctikcxodzllgcsxuulqwt/Build/Products/Debug-iphonesimulator/iGopherBrowserUITests-Runner.app/PlugIns/iGopherBrowserUITests.xctest/Frameworks --strip-bitcode --scan-executable /Applications/Xcode.app/Contents/Developer/Platforms/iPhoneSimulator.platform/Developer/usr/lib/libXCTestSwiftSupport.dylib --strip-bitcode-tool /Applications/Xcode.app/Contents/Developer/Toolchains/XcodeDefault.xctoolchain/usr/bin/bitcode_strip --emit-dependency-info /Users/navan.chauhan/Library/Developer/Xcode/DerivedData/iGopherBrowser-hcogktcctikcxodzllgcsxuulqwt/Build/Intermediates.noindex/iGopherBrowser.build/Debug-iphonesimulator/iGopherBrowserUITests.build/SwiftStdLibToolInputDependencies.dep --filter-for-swift-os

ExtractAppIntentsMetadata (in target 'iGopherBrowserUITests' from project 'iGopherBrowser')
    cd /Users/navan.chauhan/Developer/navanchauhan/iGopherBrowser
    /Applications/Xcode.app/Contents/Developer/Toolchains/XcodeDefault.xctoolchain/usr/bin/appintentsmetadataprocessor --toolchain-dir /Applications/Xcode.app/Contents/Developer/Toolchains/XcodeDefault.xctoolchain --module-name iGopherBrowserUITests --sdk-root /Applications/Xcode.app/Contents/Developer/Platforms/iPhoneSimulator.platform/Developer/SDKs/iPhoneSimulator18.5.sdk --xcode-version 16F6 --platform-family iOS --deployment-target 17.0 --bundle-identifier com.navanchauhan.iGopherBrowserUITests --output /Users/navan.chauhan/Library/Developer/Xcode/DerivedData/iGopherBrowser-hcogktcctikcxodzllgcsxuulqwt/Build/Products/Debug-iphonesimulator/iGopherBrowserUITests-Runner.app/PlugIns/iGopherBrowserUITests.xctest --target-triple arm64-apple-ios17.0-simulator --binary-file /Users/navan.chauhan/Library/Developer/Xcode/DerivedData/iGopherBrowser-hcogktcctikcxodzllgcsxuulqwt/Build/Products/Debug-iphonesimulator/iGopherBrowserUITests-Runner.app/PlugIns/iGopherBrowserUITests.xctest/iGopherBrowserUITests --dependency-file /Users/navan.chauhan/Library/Developer/Xcode/DerivedData/iGopherBrowser-hcogktcctikcxodzllgcsxuulqwt/Build/Intermediates.noindex/iGopherBrowser.build/Debug-iphonesimulator/iGopherBrowserUITests.build/Objects-normal/arm64/iGopherBrowserUITests_dependency_info.dat --stringsdata-file /Users/navan.chauhan/Library/Developer/Xcode/DerivedData/iGopherBrowser-hcogktcctikcxodzllgcsxuulqwt/Build/Intermediates.noindex/iGopherBrowser.build/Debug-iphonesimulator/iGopherBrowserUITests.build/Objects-normal/arm64/ExtractedAppShortcutsMetadata.stringsdata --source-file-list /Users/navan.chauhan/Library/Developer/Xcode/DerivedData/iGopherBrowser-hcogktcctikcxodzllgcsxuulqwt/Build/Intermediates.noindex/iGopherBrowser.build/Debug-iphonesimulator/iGopherBrowserUITests.build/Objects-normal/arm64/iGopherBrowserUITests.SwiftFileList --metadata-file-list /Users/navan.chauhan/Library/Developer/Xcode/DerivedData/iGopherBrowser-hcogktcctikcxodzllgcsxuulqwt/Build/Intermediates.noindex/iGopherBrowser.build/Debug-iphonesimulator/iGopherBrowserUITests.build/iGopherBrowserUITests.DependencyMetadataFileList --static-metadata-file-list /Users/navan.chauhan/Library/Developer/Xcode/DerivedData/iGopherBrowser-hcogktcctikcxodzllgcsxuulqwt/Build/Intermediates.noindex/iGopherBrowser.build/Debug-iphonesimulator/iGopherBrowserUITests.build/iGopherBrowserUITests.DependencyStaticMetadataFileList --swift-const-vals-list /Users/navan.chauhan/Library/Developer/Xcode/DerivedData/iGopherBrowser-hcogktcctikcxodzllgcsxuulqwt/Build/Intermediates.noindex/iGopherBrowser.build/Debug-iphonesimulator/iGopherBrowserUITests.build/Objects-normal/arm64/iGopherBrowserUITests.SwiftConstValuesFileList --compile-time-extraction --deployment-aware-processing --validate-assistant-intents --no-app-shortcuts-localization
2025-09-12 13:02:40.748 appintentsmetadataprocessor[18286:7833673] Starting appintentsmetadataprocessor export
2025-09-12 13:02:40.749 appintentsmetadataprocessor[18286:7833673] warning: Metadata extraction skipped. No AppIntents.framework dependency found.

CodeSign /Users/navan.chauhan/Library/Developer/Xcode/DerivedData/iGopherBrowser-hcogktcctikcxodzllgcsxuulqwt/Build/Products/Debug-iphonesimulator/iGopherBrowserUITests-Runner.app/PlugIns/iGopherBrowserUITests.xctest (in target 'iGopherBrowserUITests' from project 'iGopherBrowser')
    cd /Users/navan.chauhan/Developer/navanchauhan/iGopherBrowser
    
    Signing Identity:     "Sign to Run Locally"
    
    /usr/bin/codesign --force --sign - --timestamp\=none --generate-entitlement-der /Users/navan.chauhan/Library/Developer/Xcode/DerivedData/iGopherBrowser-hcogktcctikcxodzllgcsxuulqwt/Build/Products/Debug-iphonesimulator/iGopherBrowserUITests-Runner.app/PlugIns/iGopherBrowserUITests.xctest

CodeSign /Users/navan.chauhan/Library/Developer/Xcode/DerivedData/iGopherBrowser-hcogktcctikcxodzllgcsxuulqwt/Build/Products/Debug-iphonesimulator/iGopherBrowserUITests-Runner.app (in target 'iGopherBrowserUITests' from project 'iGopherBrowser')
    cd /Users/navan.chauhan/Developer/navanchauhan/iGopherBrowser
    
    Signing Identity:     "Sign to Run Locally"
    
    /usr/bin/codesign --force --sign - --timestamp\=none --generate-entitlement-der /Users/navan.chauhan/Library/Developer/Xcode/DerivedData/iGopherBrowser-hcogktcctikcxodzllgcsxuulqwt/Build/Products/Debug-iphonesimulator/iGopherBrowserUITests-Runner.app
/Users/navan.chauhan/Library/Developer/Xcode/DerivedData/iGopherBrowser-hcogktcctikcxodzllgcsxuulqwt/Build/Products/Debug-iphonesimulator/iGopherBrowserUITests-Runner.app: replacing existing signature

note: Disabling hardened runtime with ad-hoc codesigning. (in target 'iGopherBrowser' from project 'iGopherBrowser')
2025-09-12 13:02:41.754088-0700 iGopherBrowserUITests-Runner[18289:7833948] [Default] Running tests...
    t =      nans Interface orientation changed to Portrait
Test Suite 'All tests' started at 2025-09-12 13:02:42.123.
Test Suite 'iGopherBrowserUITests.xctest' started at 2025-09-12 13:02:42.123.
Test Suite 'iGopherBrowserUITests' started at 2025-09-12 13:02:42.123.
Test Case '-[iGopherBrowserUITests.iGopherBrowserUITests testExample]' started.
    t =     0.00s Start Test at 2025-09-12 13:02:42.123
    t =     0.02s Set Up
    t =     0.02s Open com.navanchauhan.iGopherBrowser
    t =     0.02s     Launch com.navanchauhan.iGopherBrowser
    t =     0.42s         Setting up automation session
    t =     0.93s         Wait for com.navanchauhan.iGopherBrowser to idle
    t =     2.07s Checking existence of `Window (First Match)`
    t =     2.09s Find the Window (First Match)
    t =     2.15s Added attachment named 'Home Screen'
    t =     2.15s Waiting 5.0s for "Settings" Button to exist
    t =     3.18s     Checking `Expect predicate `existsNoRetry == 1` for object "Settings" Button`
    t =     3.18s         Checking existence of `"Settings" Button`
    t =     3.22s Tap "Settings" Button
    t =     3.22s     Wait for com.navanchauhan.iGopherBrowser to idle
    t =     3.23s     Find the "Settings" Button
    t =     3.23s     Check for interrupting elements affecting "gear" Button
    t =     3.24s     Synthesize event
    t =     3.53s     Wait for com.navanchauhan.iGopherBrowser to idle
    t =     3.92s Waiting 5.0s for "Reset Preferences" Button to exist
    t =     4.95s     Checking `Expect predicate `existsNoRetry == 1` for object "Reset Preferences" Button`
    t =     4.95s         Checking existence of `"Reset Preferences" Button`
    t =     5.02s Tap "Reset Preferences" Button
    t =     5.02s     Wait for com.navanchauhan.iGopherBrowser to idle
    t =     5.02s     Find the "Reset Preferences" Button
    t =     5.04s     Check for interrupting elements affecting "Reset Preferences" Button
    t =     5.06s     Synthesize event
    t =     5.34s     Wait for com.navanchauhan.iGopherBrowser to idle
    t =     5.69s Waiting 5.0s for "Home" Button to exist
    t =     6.73s     Checking `Expect predicate `existsNoRetry == 1` for object "Home" Button`
    t =     6.73s         Checking existence of `"Home" Button`
    t =     6.75s Tap "Home" Button
    t =     6.75s     Wait for com.navanchauhan.iGopherBrowser to idle
    t =     6.75s     Find the "Home" Button
    t =     6.76s     Check for interrupting elements affecting "house" Button
    t =     6.77s     Synthesize event
    t =     7.06s     Wait for com.navanchauhan.iGopherBrowser to idle
    t =     7.06s Checking existence of `"About Swift-Gopher" StaticText`
    t =     7.08s Swipe up Target Application 'com.navanchauhan.iGopherBrowser'
    t =     7.08s     Wait for com.navanchauhan.iGopherBrowser to idle
    t =     7.08s     Find the Target Application 'com.navanchauhan.iGopherBrowser'
    t =     7.10s     Check for interrupting elements affecting "iGopherBrowser" Application
    t =     7.11s     Synthesize event
    t =     7.53s     Wait for com.navanchauhan.iGopherBrowser to idle
    t =     9.63s Checking existence of `"About Swift-Gopher" StaticText`
    t =     9.66s Checking existence of `"About Swift-Gopher" StaticText`
    t =     9.68s Tap "About Swift-Gopher" StaticText
    t =     9.68s     Wait for com.navanchauhan.iGopherBrowser to idle
    t =     9.68s     Find the "About Swift-Gopher" StaticText
    t =     9.70s     Check for interrupting elements affecting "About Swift-Gopher" StaticText
    t =     9.72s     Synthesize event
    t =    10.00s     Wait for com.navanchauhan.iGopherBrowser to idle
    t =    10.35s Waiting 5.0s for "Back" Button to exist
    t =    11.38s     Checking `Expect predicate `existsNoRetry == 1` for object "Back" Button`
    t =    11.38s         Checking existence of `"Back" Button`
    t =    11.40s Tap "Back" Button
    t =    11.40s     Wait for com.navanchauhan.iGopherBrowser to idle
    t =    11.40s     Find the "Back" Button
    t =    11.42s     Check for interrupting elements affecting "Back" Button
    t =    11.44s     Synthesize event
    t =    11.73s     Wait for com.navanchauhan.iGopherBrowser to idle
    t =    12.06s Checking existence of `"Back" Button`
    t =    12.09s Tap "Back" Button
    t =    12.09s     Wait for com.navanchauhan.iGopherBrowser to idle
    t =    12.09s     Find the "Back" Button
    t =    12.11s     Check for interrupting elements affecting "chevron.left" Button
    t =    12.13s     Synthesize event
    t =    12.42s     Wait for com.navanchauhan.iGopherBrowser to idle
    t =    12.43s Checking existence of `"Forward" Button`
    t =    12.46s Tap "Forward" Button
    t =    12.46s     Wait for com.navanchauhan.iGopherBrowser to idle
    t =    12.46s     Find the "Forward" Button
    t =    12.49s     Check for interrupting elements affecting "chevron.right" Button
    t =    12.51s     Synthesize event
    t =    12.80s     Wait for com.navanchauhan.iGopherBrowser to idle
    t =    12.81s Checking existence of `"gear" Button`
    t =    12.84s Tap "gear" Button
    t =    12.84s     Wait for com.navanchauhan.iGopherBrowser to idle
    t =    12.84s     Find the "gear" Button
    t =    12.87s     Check for interrupting elements affecting "gear" Button
    t =    12.89s     Synthesize event
    t =    13.18s     Wait for com.navanchauhan.iGopherBrowser to idle
    t =    13.55s Waiting 5.0s for "Save" Button to exist
    t =    14.59s     Checking `Expect predicate `existsNoRetry == 1` for object "Save" Button`
    t =    14.59s         Checking existence of `"Save" Button`
    t =    14.66s Tap "Save" Button
    t =    14.66s     Wait for com.navanchauhan.iGopherBrowser to idle
    t =    14.66s     Find the "Save" Button
    t =    14.69s     Check for interrupting elements affecting "Save" Button
    t =    14.73s     Synthesize event
    t =    15.01s     Wait for com.navanchauhan.iGopherBrowser to idle
    t =    15.37s Checking existence of `"house" Button`
    t =    15.39s Tap "house" Button
    t =    15.39s     Wait for com.navanchauhan.iGopherBrowser to idle
    t =    15.39s     Find the "house" Button
    t =    15.42s     Check for interrupting elements affecting "house" Button
    t =    15.44s     Synthesize event
    t =    15.73s     Wait for com.navanchauhan.iGopherBrowser to idle
    t =    15.73s Checking existence of `"Back" Button`
    t =    15.75s Tap "Back" Button
    t =    15.75s     Wait for com.navanchauhan.iGopherBrowser to idle
    t =    15.76s     Find the "Back" Button
    t =    15.77s     Check for interrupting elements affecting "chevron.left" Button
    t =    15.79s     Synthesize event
    t =    16.08s     Wait for com.navanchauhan.iGopherBrowser to idle
    t =    16.09s Checking existence of `"Forward" Button`
    t =    16.11s Tap "Forward" Button
    t =    16.11s     Wait for com.navanchauhan.iGopherBrowser to idle
    t =    16.12s     Find the "Forward" Button
    t =    16.14s     Check for interrupting elements affecting "chevron.right" Button
    t =    16.16s     Synthesize event
    t =    16.45s     Wait for com.navanchauhan.iGopherBrowser to idle
    t =    16.46s Waiting 5.0s for "Enter a URL" TextField to exist
    t =    17.50s     Checking `Expect predicate `existsNoRetry == 1` for object "Enter a URL" TextField`
    t =    17.50s         Checking existence of `"Enter a URL" TextField`
    t =    17.52s Tap "Enter a URL" TextField
    t =    17.52s     Wait for com.navanchauhan.iGopherBrowser to idle
    t =    17.52s     Find the "Enter a URL" TextField
    t =    17.54s     Check for interrupting elements affecting "gopher.navan.dev:70/" TextField
    t =    17.56s     Synthesize event
    t =    17.85s     Wait for com.navanchauhan.iGopherBrowser to idle
    t =    17.85s Type 'gopher.navan.dev:7...' into "gopher.navan.dev:70/" TextField
    t =    17.85s     Wait for com.navanchauhan.iGopherBrowser to idle
    t =    17.85s     Find the "gopher.navan.dev:70/" TextField
    t =    17.88s     Check for interrupting elements affecting "gopher.navan.dev:70/" TextField
    t =    17.91s     Synthesize event
    t =    18.68s     Wait for com.navanchauhan.iGopherBrowser to idle
    t =    18.68s Tap "Go" Button
    t =    18.68s     Wait for com.navanchauhan.iGopherBrowser to idle
    t =    18.68s     Find the "Go" Button
    t =    18.72s     Check for interrupting elements affecting "Go" Button
    t =    18.74s     Synthesize event
    t =    19.03s     Wait for com.navanchauhan.iGopherBrowser to idle
    t =    19.03s Waiting 10.0s for "Screenshot" StaticText to exist
    t =    20.07s     Checking `Expect predicate `existsNoRetry == 1` for object "Screenshot" StaticText`
    t =    20.07s         Checking existence of `"Screenshot" StaticText`
    t =    20.11s         Capturing element debug description
    t =    21.05s     Checking `Expect predicate `existsNoRetry == 1` for object "Screenshot" StaticText`
    t =    21.05s         Checking existence of `"Screenshot" StaticText`
    t =    21.07s         Capturing element debug description
    t =    22.10s     Checking `Expect predicate `existsNoRetry == 1` for object "Screenshot" StaticText`
    t =    22.10s         Checking existence of `"Screenshot" StaticText`
    t =    22.13s         Capturing element debug description
    t =    23.06s     Checking `Expect predicate `existsNoRetry == 1` for object "Screenshot" StaticText`
    t =    23.06s         Checking existence of `"Screenshot" StaticText`
    t =    23.10s         Capturing element debug description
    t =    24.03s     Checking `Expect predicate `existsNoRetry == 1` for object "Screenshot" StaticText`
    t =    24.04s         Checking existence of `"Screenshot" StaticText`
    t =    24.08s         Capturing element debug description
    t =    25.11s     Checking `Expect predicate `existsNoRetry == 1` for object "Screenshot" StaticText`
    t =    25.11s         Checking existence of `"Screenshot" StaticText`
    t =    25.15s         Capturing element debug description
    t =    26.08s     Checking `Expect predicate `existsNoRetry == 1` for object "Screenshot" StaticText`
    t =    26.08s         Checking existence of `"Screenshot" StaticText`
    t =    26.11s         Capturing element debug description
    t =    27.04s     Checking `Expect predicate `existsNoRetry == 1` for object "Screenshot" StaticText`
    t =    27.04s         Checking existence of `"Screenshot" StaticText`
    t =    27.08s         Capturing element debug description
    t =    28.12s     Checking `Expect predicate `existsNoRetry == 1` for object "Screenshot" StaticText`
    t =    28.13s         Checking existence of `"Screenshot" StaticText`
    t =    28.17s         Capturing element debug description
    t =    29.04s     Checking `Expect predicate `existsNoRetry == 1` for object "Screenshot" StaticText`
    t =    29.04s         Checking existence of `"Screenshot" StaticText`
    t =    29.08s         Capturing element debug description
    t =    29.08s     Checking existence of `"Screenshot" StaticText`
    t =    29.11s Collecting debug information to assist test failure triage
    t =    29.11s     Requesting snapshot of accessibility hierarchy for app with pid 18301
    t =    29.14s Checking existence of `"house" Button`
    t =    29.16s Tap "house" Button
    t =    29.16s     Wait for com.navanchauhan.iGopherBrowser to idle
    t =    29.16s     Find the "house" Button
    t =    29.18s     Check for interrupting elements affecting "house" Button
    t =    29.20s     Synthesize event
    t =    29.50s     Wait for com.navanchauhan.iGopherBrowser to idle
    t =    29.50s Checking existence of `"Search Server" StaticText`
    t =    29.54s Swipe up Target Application 'com.navanchauhan.iGopherBrowser'
    t =    29.54s     Wait for com.navanchauhan.iGopherBrowser to idle
    t =    29.54s     Find the Target Application 'com.navanchauhan.iGopherBrowser'
    t =    29.55s     Check for interrupting elements affecting "iGopherBrowser" Application
    t =    29.58s     Synthesize event
    t =    30.00s     Wait for com.navanchauhan.iGopherBrowser to idle
    t =    30.00s Checking existence of `"Search Server" StaticText`
    t =    30.04s Swipe up Target Application 'com.navanchauhan.iGopherBrowser'
    t =    30.04s     Wait for com.navanchauhan.iGopherBrowser to idle
    t =    30.04s     Find the Target Application 'com.navanchauhan.iGopherBrowser'
    t =    30.05s     Check for interrupting elements affecting "iGopherBrowser" Application
    t =    30.07s     Synthesize event
    t =    30.50s     Wait for com.navanchauhan.iGopherBrowser to idle
    t =    30.50s Checking existence of `"Search Server" StaticText`
    t =    30.54s Swipe up Target Application 'com.navanchauhan.iGopherBrowser'
    t =    30.54s     Wait for com.navanchauhan.iGopherBrowser to idle
    t =    30.54s     Find the Target Application 'com.navanchauhan.iGopherBrowser'
    t =    30.55s     Check for interrupting elements affecting "iGopherBrowser" Application
    t =    30.57s     Synthesize event
    t =    30.99s     Wait for com.navanchauhan.iGopherBrowser to idle
    t =    31.00s Checking existence of `"Search Server" StaticText`
    t =    31.03s Swipe up Target Application 'com.navanchauhan.iGopherBrowser'
    t =    31.03s     Wait for com.navanchauhan.iGopherBrowser to idle
    t =    31.04s     Find the Target Application 'com.navanchauhan.iGopherBrowser'
    t =    31.05s     Check for interrupting elements affecting "iGopherBrowser" Application
    t =    31.07s     Synthesize event
    t =    31.49s     Wait for com.navanchauhan.iGopherBrowser to idle
    t =    31.50s Checking existence of `"Search Server" StaticText`
    t =    31.54s Swipe up Target Application 'com.navanchauhan.iGopherBrowser'
    t =    31.54s     Wait for com.navanchauhan.iGopherBrowser to idle
    t =    31.54s     Find the Target Application 'com.navanchauhan.iGopherBrowser'
    t =    31.56s     Check for interrupting elements affecting "iGopherBrowser" Application
    t =    31.58s     Synthesize event
    t =    31.99s     Wait for com.navanchauhan.iGopherBrowser to idle
    t =    32.00s Checking existence of `"Search Server" StaticText`
    t =    32.02s Swipe up Target Application 'com.navanchauhan.iGopherBrowser'
    t =    32.02s     Wait for com.navanchauhan.iGopherBrowser to idle
    t =    32.02s     Find the Target Application 'com.navanchauhan.iGopherBrowser'
    t =    32.04s     Check for interrupting elements affecting "iGopherBrowser" Application
    t =    32.05s     Synthesize event
    t =    32.48s     Wait for com.navanchauhan.iGopherBrowser to idle
    t =    32.48s Checking existence of `"Search Server" StaticText`
    t =    32.51s Swipe up Target Application 'com.navanchauhan.iGopherBrowser'
    t =    32.51s     Wait for com.navanchauhan.iGopherBrowser to idle
    t =    32.52s     Find the Target Application 'com.navanchauhan.iGopherBrowser'
    t =    32.53s     Check for interrupting elements affecting "iGopherBrowser" Application
    t =    32.55s     Synthesize event
    t =    32.97s     Wait for com.navanchauhan.iGopherBrowser to idle
    t =    32.98s Checking existence of `"Search Server" StaticText`
    t =    33.01s Swipe up Target Application 'com.navanchauhan.iGopherBrowser'
    t =    33.01s     Wait for com.navanchauhan.iGopherBrowser to idle
    t =    33.02s     Find the Target Application 'com.navanchauhan.iGopherBrowser'
    t =    33.03s     Check for interrupting elements affecting "iGopherBrowser" Application
    t =    33.05s     Synthesize event
    t =    33.47s     Wait for com.navanchauhan.iGopherBrowser to idle
    t =    33.48s Checking existence of `"Search Server" StaticText`
    t =    33.51s Swipe up Target Application 'com.navanchauhan.iGopherBrowser'
    t =    33.51s     Wait for com.navanchauhan.iGopherBrowser to idle
    t =    33.51s     Find the Target Application 'com.navanchauhan.iGopherBrowser'
    t =    33.53s     Check for interrupting elements affecting "iGopherBrowser" Application
    t =    33.55s     Synthesize event
    t =    33.97s     Wait for com.navanchauhan.iGopherBrowser to idle
    t =    33.98s Checking existence of `"Search Server" StaticText`
    t =    34.01s Swipe up Target Application 'com.navanchauhan.iGopherBrowser'
    t =    34.01s     Wait for com.navanchauhan.iGopherBrowser to idle
    t =    34.01s     Find the Target Application 'com.navanchauhan.iGopherBrowser'
    t =    34.03s     Check for interrupting elements affecting "iGopherBrowser" Application
    t =    34.05s     Synthesize event
    t =    34.47s     Wait for com.navanchauhan.iGopherBrowser to idle
    t =    34.48s Checking existence of `"Search Server" StaticText`
    t =    34.51s Checking existence of `"Search Server" StaticText`
    t =    34.53s Tear Down
Test Case '-[iGopherBrowserUITests.iGopherBrowserUITests testExample]' passed (34.748 seconds).
Test Suite 'iGopherBrowserUITests' passed at 2025-09-12 13:03:16.872.
	 Executed 1 test, with 0 failures (0 unexpected) in 34.748 (34.749) seconds
Test Suite 'iGopherBrowserUITests.xctest' passed at 2025-09-12 13:03:16.873.
	 Executed 1 test, with 0 failures (0 unexpected) in 34.748 (34.750) seconds
Test Suite 'All tests' passed at 2025-09-12 13:03:16.874.
	 Executed 1 test, with 0 failures (0 unexpected) in 34.748 (34.751) seconds

Test session results, code coverage, and logs:
	/Users/navan.chauhan/Library/Developer/Xcode/DerivedData/iGopherBrowser-hcogktcctikcxodzllgcsxuulqwt/Logs/Test/Test-iGopherBrowserUITests-2025.09.12_13-02-36--0700.xcresult

** TEST SUCCEEDED **

Testing started
